c:\users\jay\desktop\github\chess\chess_game\chess\chess\debug\vc142.pdb
c:\users\jay\desktop\github\chess\chess_game\chess\chess\debug\vc142.idb
c:\users\jay\desktop\github\chess\chess_game\chess\chess\debug\vertexbuffer.obj
c:\users\jay\desktop\github\chess\chess_game\chess\chess\debug\vertexarray.obj
c:\users\jay\desktop\github\chess\chess_game\chess\chess\debug\stb_image.obj
c:\users\jay\desktop\github\chess\chess_game\chess\chess\debug\texture.obj
c:\users\jay\desktop\github\chess\chess_game\chess\chess\debug\shader.obj
c:\users\jay\desktop\github\chess\chess_game\chess\chess\debug\player.obj
c:\users\jay\desktop\github\chess\chess_game\chess\chess\debug\main.obj
c:\users\jay\desktop\github\chess\chess_game\chess\chess\debug\chess.obj
c:\users\jay\desktop\github\chess\chess_game\chess\chess\debug\bot.obj
c:\users\jay\desktop\github\chess\chess_game\chess\debug\chess.ilk
c:\users\jay\desktop\github\chess\chess_game\chess\debug\chess.exe
c:\users\jay\desktop\github\chess\chess_game\chess\debug\chess.pdb
c:\users\jay\desktop\github\chess\chess_game\chess\chess\debug\chess.tlog\cl.command.1.tlog
c:\users\jay\desktop\github\chess\chess_game\chess\chess\debug\chess.tlog\cl.read.1.tlog
c:\users\jay\desktop\github\chess\chess_game\chess\chess\debug\chess.tlog\cl.write.1.tlog
c:\users\jay\desktop\github\chess\chess_game\chess\chess\debug\chess.tlog\link.command.1.tlog
c:\users\jay\desktop\github\chess\chess_game\chess\chess\debug\chess.tlog\link.read.1.tlog
c:\users\jay\desktop\github\chess\chess_game\chess\chess\debug\chess.tlog\link.write.1.tlog
