C:\Program Files (x86)\Microsoft Visual Studio\2019\Community\MSBuild\Microsoft\VC\v160\Microsoft.CppBuild.targets(477,5): warning MSB8004: Output 目錄結尾不是結尾斜線。這個建置執行個體將會加入此斜線，因為這樣才能正確評估 Output 目錄。
  Bot.cpp
  Chess.cpp
  Main.cpp
C:\Users\jay\Desktop\github\chess\chess_game\chess\chess\src\VertexBuffer.h(9,33): warning C4244: '引數': 將 'const float' 轉換為 'GLsizeiptr'，由於類型不同，可能導致資料遺失
  Player.cpp
  Shader.cpp
  Texture.cpp
  stb_image.cpp
  VertexArray.cpp
C:\Users\jay\Desktop\github\chess\chess_game\chess\chess\src\VertexArray.cpp(15,88): warning C4312: '類型轉換': 將 'unsigned int' 轉換為較大的 'const void *'
  VertexBuffer.cpp
C:\Users\jay\Desktop\github\chess\chess_game\chess\chess\src\VertexBuffer.h(9,33): warning C4244: '引數': 將 'const float' 轉換為 'GLsizeiptr'，由於類型不同，可能導致資料遺失
  Previous IPDB not found, fall back to full compilation.
LINK : warning LNK4098: 預設的程式庫 'LIBCMT' 與其他使用的程式庫衝突，請使用 /NODEFAULTLIB:library
  正在產生程式碼
  All 2150 functions were compiled because no usable IPDB/IOBJ from previous compilation was found.
  已完成程式碼產生
glew32s.lib(glew.obj) : warning LNK4099: 找不到 PDB 'vc120.pdb' (有 'glew32s.lib(glew.obj)' 或位於 'C:\Users\jay\Desktop\github\chess\chess_game\chess\bin\x64_Release\vc120.pdb')，當做沒有偵錯資訊，連結物件
  chess.vcxproj -> C:\Users\jay\Desktop\github\chess\chess_game\chess\bin\x64_Release\chess.exe
