c:\users\jay\desktop\chess\chess\release\chess.ipdb
c:\users\jay\desktop\chess\chess\release\chess.iobj
c:\users\jay\desktop\chess\chess\chess\release\vc142.pdb
c:\users\jay\desktop\chess\chess\chess\release\vertexbuffer.obj
c:\users\jay\desktop\chess\chess\chess\release\vertexarray.obj
c:\users\jay\desktop\chess\chess\chess\release\stb_image.obj
c:\users\jay\desktop\chess\chess\chess\release\texture.obj
c:\users\jay\desktop\chess\chess\chess\release\shader.obj
c:\users\jay\desktop\chess\chess\chess\release\player.obj
c:\users\jay\desktop\chess\chess\chess\release\main.obj
c:\users\jay\desktop\chess\chess\chess\release\chess.obj
c:\users\jay\desktop\chess\chess\chess\release\bot.obj
c:\users\jay\desktop\chess\chess\release\chess.exe
c:\users\jay\desktop\chess\chess\release\chess.pdb
c:\users\jay\desktop\chess\chess\chess\release\chess.tlog\chess.write.1u.tlog
c:\users\jay\desktop\chess\chess\chess\release\chess.tlog\cl.command.1.tlog
c:\users\jay\desktop\chess\chess\chess\release\chess.tlog\cl.read.1.tlog
c:\users\jay\desktop\chess\chess\chess\release\chess.tlog\cl.write.1.tlog
c:\users\jay\desktop\chess\chess\chess\release\chess.tlog\link.command.1.tlog
c:\users\jay\desktop\chess\chess\chess\release\chess.tlog\link.read.1.tlog
c:\users\jay\desktop\chess\chess\chess\release\chess.tlog\link.write.1.tlog
