c:\users\jay\desktop\github\chess\chess_game\chess\bin_obj\debug-windows-x86_64\chess\vc142.pdb
c:\users\jay\desktop\github\chess\chess_game\chess\bin_obj\debug-windows-x86_64\chess\vc142.idb
c:\users\jay\desktop\github\chess\chess_game\chess\bin_obj\debug-windows-x86_64\chess\stb_image.obj
c:\users\jay\desktop\github\chess\chess_game\chess\bin_obj\debug-windows-x86_64\chess\vertexbuffer.obj
c:\users\jay\desktop\github\chess\chess_game\chess\bin_obj\debug-windows-x86_64\chess\vertexarray.obj
c:\users\jay\desktop\github\chess\chess_game\chess\bin_obj\debug-windows-x86_64\chess\texture.obj
c:\users\jay\desktop\github\chess\chess_game\chess\bin_obj\debug-windows-x86_64\chess\shader.obj
c:\users\jay\desktop\github\chess\chess_game\chess\bin_obj\debug-windows-x86_64\chess\player.obj
c:\users\jay\desktop\github\chess\chess_game\chess\bin_obj\debug-windows-x86_64\chess\main.obj
c:\users\jay\desktop\github\chess\chess_game\chess\bin_obj\debug-windows-x86_64\chess\chess.obj
c:\users\jay\desktop\github\chess\chess_game\chess\bin_obj\debug-windows-x86_64\chess\bot.obj
c:\users\jay\desktop\github\chess\chess_game\chess\bin_obj\debug-windows-x86_64\chess\chess.tlog\cl.command.1.tlog
c:\users\jay\desktop\github\chess\chess_game\chess\bin_obj\debug-windows-x86_64\chess\chess.tlog\cl.read.1.tlog
c:\users\jay\desktop\github\chess\chess_game\chess\bin_obj\debug-windows-x86_64\chess\chess.tlog\cl.write.1.tlog
c:\users\jay\desktop\github\chess\chess_game\chess\bin_obj\debug-windows-x86_64\chess\chess.tlog\link-cvtres.read.1.tlog
c:\users\jay\desktop\github\chess\chess_game\chess\bin_obj\debug-windows-x86_64\chess\chess.tlog\link-cvtres.write.1.tlog
c:\users\jay\desktop\github\chess\chess_game\chess\bin_obj\debug-windows-x86_64\chess\chess.tlog\link-rc.read.1.tlog
c:\users\jay\desktop\github\chess\chess_game\chess\bin_obj\debug-windows-x86_64\chess\chess.tlog\link-rc.write.1.tlog
c:\users\jay\desktop\github\chess\chess_game\chess\bin_obj\debug-windows-x86_64\chess\chess.tlog\link.command.1.tlog
c:\users\jay\desktop\github\chess\chess_game\chess\bin_obj\debug-windows-x86_64\chess\chess.tlog\link.read.1.tlog
c:\users\jay\desktop\github\chess\chess_game\chess\bin_obj\debug-windows-x86_64\chess\chess.tlog\link.write.1.tlog
